## ------------------------------------------------ ##
## souffle 1.6.2-842-gca4aa758 test suite: Souffle. ##
## ------------------------------------------------ ##

testsuite: command line was:
  $ ./tests/testsuite 

## --------- ##
## Platform. ##
## --------- ##

hostname = lh2
uname -m = x86_64
uname -r = 4.15.0-74-generic
uname -s = Linux
uname -v = #84-Ubuntu SMP Thu Dec 19 08:06:28 UTC 2019

/usr/bin/uname -p = unknown
/bin/uname -X     = unknown

/bin/arch              = unknown
/usr/bin/arch -k       = unknown
/usr/convex/getsysinfo = unknown
/usr/bin/hostinfo      = unknown
/bin/machine           = unknown
/usr/bin/oslevel       = unknown
/bin/universe          = unknown

PATH: /home/lyndonhenry/.jenv/shims
PATH: /snap/bin
PATH: /home/lyndonhenry/.jenv/bin
PATH: /home/lyndonhenry/bin
PATH: /home/lyndonhenry/.sdkman/candidates/gradle/current/bin
PATH: /usr/local/sbin
PATH: /usr/local/bin
PATH: /usr/sbin
PATH: /usr/bin
PATH: /sbin
PATH: /bin
PATH: /usr/games
PATH: /usr/local/games

## ---------------- ##
## Tested programs. ##
## ---------------- ##

## ------------------ ##
## Running the tests. ##
## ------------------ ##
testsuite: starting at: Thu Jan 30 19:54:13 AEDT 2020
testsuite: ending at: Thu Jan 30 19:54:13 AEDT 2020
testsuite: test suite duration: 0h 0m 0s

## ------------- ##
## Test results. ##
## ------------- ##

ERROR: All 88 tests were run,
88 failed unexpectedly.

## ------------------------ ##
## Summary of the failures. ##
## ------------------------ ##
Failed tests:
souffle 1.6.2-842-gca4aa758 test suite: Souffle test groups:

 NUM: FILE-NAME:LINE     TEST-GROUP-NAME
      KEYWORDS

   1: fastevaluation.at:9 aggregates2 -c -j8
   2: fastevaluation.at:9 aggregates2 -j8
   3: fastevaluation.at:10 aggregates -c -j8
   4: fastevaluation.at:10 aggregates -j8
   5: fastevaluation.at:11 aliases -c -j8
   6: fastevaluation.at:11 aliases -j8
   7: fastevaluation.at:12 arithm -c -j8
   8: fastevaluation.at:12 arithm -j8
   9: fastevaluation.at:13 binop -c -j8
  10: fastevaluation.at:13 binop -j8
  11: fastevaluation.at:14 cat -c -j8
  12: fastevaluation.at:14 cat -j8
  13: fastevaluation.at:15 comp-override1 -c -j8
  14: fastevaluation.at:15 comp-override1 -j8
  15: fastevaluation.at:16 comp-override2 -c -j8
  16: fastevaluation.at:16 comp-override2 -j8
  17: fastevaluation.at:17 comp-override3 -c -j8
  18: fastevaluation.at:17 comp-override3 -j8
  19: fastevaluation.at:18 components3 -c -j8
  20: fastevaluation.at:18 components3 -j8
  21: fastevaluation.at:19 contains -c -j8
  22: fastevaluation.at:19 contains -j8
  23: fastevaluation.at:20 count -c -j8
  24: fastevaluation.at:20 count -j8
  25: fastevaluation.at:21 count_sccs1 -c -j8
  26: fastevaluation.at:21 count_sccs1 -j8
  27: fastevaluation.at:22 counter -c -j8
  28: fastevaluation.at:22 counter -j8
  29: fastevaluation.at:23 cproject -c -j8
  30: fastevaluation.at:23 cproject -j8
  31: fastevaluation.at:24 empty_relations -c -j8
  32: fastevaluation.at:24 empty_relations -j8
  33: fastevaluation.at:25 existential -c -j8
  34: fastevaluation.at:25 existential -j8
  35: fastevaluation.at:26 facts -c -j8
  36: fastevaluation.at:26 facts -j8
  37: fastevaluation.at:27 independent_body1 -c -j8
  38: fastevaluation.at:27 independent_body1 -j8
  39: fastevaluation.at:28 index -c -j8
  40: fastevaluation.at:28 index -j8
  41: fastevaluation.at:29 indirect_negation -c -j8
  42: fastevaluation.at:29 indirect_negation -j8
  43: fastevaluation.at:30 inline_functors -c -j8
  44: fastevaluation.at:30 inline_functors -j8
  45: fastevaluation.at:31 inline_negation1 -c -j8
  46: fastevaluation.at:31 inline_negation1 -j8
  47: fastevaluation.at:32 inline_records -c -j8
  48: fastevaluation.at:32 inline_records -j8
  49: fastevaluation.at:33 inline_underscore -c -j8
  50: fastevaluation.at:33 inline_underscore -j8
  51: fastevaluation.at:34 inline_unification -c -j8
  52: fastevaluation.at:34 inline_unification -j8
  53: fastevaluation.at:35 list -c -j8
  54: fastevaluation.at:35 list -j8
  55: fastevaluation.at:36 magic_2sat -c -j8
  56: fastevaluation.at:36 magic_2sat -j8
  57: fastevaluation.at:37 magic_aggregates -c -j8
  58: fastevaluation.at:37 magic_aggregates -j8
  59: fastevaluation.at:38 match3 -c -j8
  60: fastevaluation.at:38 match3 -j8
  61: fastevaluation.at:39 mutrecursion -c -j8
  62: fastevaluation.at:39 mutrecursion -j8
  63: fastevaluation.at:40 neg5 -c -j8
  64: fastevaluation.at:40 neg5 -j8
  65: fastevaluation.at:41 neg6 -c -j8
  66: fastevaluation.at:41 neg6 -j8
  67: fastevaluation.at:42 number_constants -c -j8
  68: fastevaluation.at:42 number_constants -j8
  69: fastevaluation.at:43 plus -c -j8
  70: fastevaluation.at:43 plus -j8
  71: fastevaluation.at:44 range -c -j8
  72: fastevaluation.at:44 range -j8
  73: fastevaluation.at:45 rec_lists -c -j8
  74: fastevaluation.at:45 rec_lists -j8
  75: fastevaluation.at:46 recursion -c -j8
  76: fastevaluation.at:46 recursion -j8
  77: fastevaluation.at:47 relop -c -j8
  78: fastevaluation.at:47 relop -j8
  79: fastevaluation.at:48 subsumption -c -j8
  80: fastevaluation.at:48 subsumption -j8
  81: fastevaluation.at:49 subtype -c -j8
  82: fastevaluation.at:49 subtype -j8
  83: fastevaluation.at:50 sum-aggregate -c -j8
  84: fastevaluation.at:50 sum-aggregate -j8
  85: fastevaluation.at:51 term -c -j8
  86: fastevaluation.at:51 term -j8
  87: fastevaluation.at:52 unpacking -c -j8
  88: fastevaluation.at:52 unpacking -j8

## ---------------------- ##
## Detailed failed tests. ##
## ---------------------- ##

#                             -*- compilation -*-
1. fastevaluation.at:9: testing aggregates2 -c -j8 ...
/fastevaluation.at:9: "$SOUFFLE" -c -j8 -D. -F "$TESTS"/evaluation/aggregates2/facts "$TESTS"/evaluation/aggregates2/aggregates2.dl 1>aggregates2.out 2>aggregates2.err
/fastevaluation.at:9: exit code was 127, expected 0
1. fastevaluation.at:9: 1. aggregates2 -c -j8 (fastevaluation.at:9): FAILED (fastevaluation.at:9)

#                             -*- compilation -*-
2. fastevaluation.at:9: testing aggregates2 -j8 ...
/fastevaluation.at:9: "$SOUFFLE" -j8 -D. -F "$TESTS"/evaluation/aggregates2/facts "$TESTS"/evaluation/aggregates2/aggregates2.dl 1>aggregates2.out 2>aggregates2.err
/fastevaluation.at:9: exit code was 127, expected 0
2. fastevaluation.at:9: 2. aggregates2 -j8 (fastevaluation.at:9): FAILED (fastevaluation.at:9)

#                             -*- compilation -*-
3. fastevaluation.at:10: testing aggregates -c -j8 ...
/fastevaluation.at:10: "$SOUFFLE" -c -j8 -D. -F "$TESTS"/evaluation/aggregates/facts "$TESTS"/evaluation/aggregates/aggregates.dl 1>aggregates.out 2>aggregates.err
/fastevaluation.at:10: exit code was 127, expected 0
3. fastevaluation.at:10: 3. aggregates -c -j8 (fastevaluation.at:10): FAILED (fastevaluation.at:10)

#                             -*- compilation -*-
4. fastevaluation.at:10: testing aggregates -j8 ...
/fastevaluation.at:10: "$SOUFFLE" -j8 -D. -F "$TESTS"/evaluation/aggregates/facts "$TESTS"/evaluation/aggregates/aggregates.dl 1>aggregates.out 2>aggregates.err
/fastevaluation.at:10: exit code was 127, expected 0
4. fastevaluation.at:10: 4. aggregates -j8 (fastevaluation.at:10): FAILED (fastevaluation.at:10)

#                             -*- compilation -*-
5. fastevaluation.at:11: testing aliases -c -j8 ...
/fastevaluation.at:11: "$SOUFFLE" -c -j8 -D. -F "$TESTS"/evaluation/aliases/facts "$TESTS"/evaluation/aliases/aliases.dl 1>aliases.out 2>aliases.err
/fastevaluation.at:11: exit code was 127, expected 0
5. fastevaluation.at:11: 5. aliases -c -j8 (fastevaluation.at:11): FAILED (fastevaluation.at:11)

#                             -*- compilation -*-
6. fastevaluation.at:11: testing aliases -j8 ...
/fastevaluation.at:11: "$SOUFFLE" -j8 -D. -F "$TESTS"/evaluation/aliases/facts "$TESTS"/evaluation/aliases/aliases.dl 1>aliases.out 2>aliases.err
/fastevaluation.at:11: exit code was 127, expected 0
6. fastevaluation.at:11: 6. aliases -j8 (fastevaluation.at:11): FAILED (fastevaluation.at:11)

#                             -*- compilation -*-
7. fastevaluation.at:12: testing arithm -c -j8 ...
/fastevaluation.at:12: "$SOUFFLE" -c -j8 -D. -F "$TESTS"/evaluation/arithm/facts "$TESTS"/evaluation/arithm/arithm.dl 1>arithm.out 2>arithm.err
/fastevaluation.at:12: exit code was 127, expected 0
7. fastevaluation.at:12: 7. arithm -c -j8 (fastevaluation.at:12): FAILED (fastevaluation.at:12)

#                             -*- compilation -*-
8. fastevaluation.at:12: testing arithm -j8 ...
/fastevaluation.at:12: "$SOUFFLE" -j8 -D. -F "$TESTS"/evaluation/arithm/facts "$TESTS"/evaluation/arithm/arithm.dl 1>arithm.out 2>arithm.err
/fastevaluation.at:12: exit code was 127, expected 0
8. fastevaluation.at:12: 8. arithm -j8 (fastevaluation.at:12): FAILED (fastevaluation.at:12)

#                             -*- compilation -*-
9. fastevaluation.at:13: testing binop -c -j8 ...
/fastevaluation.at:13: "$SOUFFLE" -c -j8 -D. -F "$TESTS"/evaluation/binop/facts "$TESTS"/evaluation/binop/binop.dl 1>binop.out 2>binop.err
/fastevaluation.at:13: exit code was 127, expected 0
9. fastevaluation.at:13: 9. binop -c -j8 (fastevaluation.at:13): FAILED (fastevaluation.at:13)

#                             -*- compilation -*-
10. fastevaluation.at:13: testing binop -j8 ...
/fastevaluation.at:13: "$SOUFFLE" -j8 -D. -F "$TESTS"/evaluation/binop/facts "$TESTS"/evaluation/binop/binop.dl 1>binop.out 2>binop.err
/fastevaluation.at:13: exit code was 127, expected 0
10. fastevaluation.at:13: 10. binop -j8 (fastevaluation.at:13): FAILED (fastevaluation.at:13)

#                             -*- compilation -*-
11. fastevaluation.at:14: testing cat -c -j8 ...
/fastevaluation.at:14: "$SOUFFLE" -c -j8 -D. -F "$TESTS"/evaluation/cat/facts "$TESTS"/evaluation/cat/cat.dl 1>cat.out 2>cat.err
/fastevaluation.at:14: exit code was 127, expected 0
11. fastevaluation.at:14: 11. cat -c -j8 (fastevaluation.at:14): FAILED (fastevaluation.at:14)

#                             -*- compilation -*-
12. fastevaluation.at:14: testing cat -j8 ...
/fastevaluation.at:14: "$SOUFFLE" -j8 -D. -F "$TESTS"/evaluation/cat/facts "$TESTS"/evaluation/cat/cat.dl 1>cat.out 2>cat.err
/fastevaluation.at:14: exit code was 127, expected 0
12. fastevaluation.at:14: 12. cat -j8 (fastevaluation.at:14): FAILED (fastevaluation.at:14)
testsuite:18: WARNING: caught signal INT, bailing out
